# JRE version: OpenJDK Runtime Environment (8.0_242-b01) (build 1.8.0_242-release-1644-b01)
# Java VM: OpenJDK 64-Bit Server VM (25.242-b01 mixed mode windows-amd64 compressed oops)
Heap:
 PSYoungGen      total 184832K, used 165725K [0x00000000d5580000, 0x00000000e3c00000, 0x0000000100000000)
  eden space 166912K, 90% used [0x00000000d5580000,0x00000000de98c5e0,0x00000000df880000)
  from space 17920K, 78% used [0x00000000df880000,0x00000000e064af40,0x00000000e0a00000)
  to   space 18944K, 0% used [0x00000000e2980000,0x00000000e2980000,0x00000000e3c00000)
 ParOldGen       total 89600K, used 29968K [0x0000000080000000, 0x0000000085780000, 0x00000000d5580000)
  object space 89600K, 33% used [0x0000000080000000,0x0000000081d44300,0x0000000085780000)
 Metaspace       used 66236K, capacity 69498K, committed 69680K, reserved 1110016K
  class space    used 9107K, capacity 9762K, committed 9776K, reserved 1048576K
GC Heap History (10 events):
Event: 9.534 GC heap before
{Heap before GC invocations=12 (full 2):
 PSYoungGen      total 115200K, used 103424K [0x00000000d5580000, 0x00000000dfa80000, 0x0000000100000000)
  eden space 103424K, 100% used [0x00000000d5580000,0x00000000dba80000,0x00000000dba80000)
  from space 11776K, 0% used [0x00000000dba80000,0x00000000dba80000,0x00000000dc600000)
  to   space 11776K, 0% used [0x00000000def00000,0x00000000def00000,0x00000000dfa80000)
 ParOldGen       total 89600K, used 15573K [0x0000000080000000, 0x0000000085780000, 0x00000000d5580000)
  object space 89600K, 17% used [0x0000000080000000,0x0000000080f35470,0x0000000085780000)
 Metaspace       used 43471K, capacity 44812K, committed 44976K, reserved 1087488K
  class space    used 5908K, capacity 6256K, committed 6320K, reserved 1048576K
Event: 9.547 GC heap after
Heap after GC invocations=12 (full 2):
 PSYoungGen      total 143872K, used 11749K [0x00000000d5580000, 0x00000000dfa80000, 0x0000000100000000)
  eden space 132096K, 0% used [0x00000000d5580000,0x00000000d5580000,0x00000000dd680000)
  from space 11776K, 99% used [0x00000000def00000,0x00000000dfa796c8,0x00000000dfa80000)
  to   space 13312K, 0% used [0x00000000de080000,0x00000000de080000,0x00000000ded80000)
 ParOldGen       total 89600K, used 16286K [0x0000000080000000, 0x0000000085780000, 0x00000000d5580000)
  object space 89600K, 18% used [0x0000000080000000,0x0000000080fe7a00,0x0000000085780000)
 Metaspace       used 43471K, capacity 44812K, committed 44976K, reserved 1087488K
  class space    used 5908K, capacity 6256K, committed 6320K, reserved 1048576K
}
Event: 11.663 GC heap before
{Heap before GC invocations=13 (full 2):
 PSYoungGen      total 143872K, used 143845K [0x00000000d5580000, 0x00000000dfa80000, 0x0000000100000000)
  eden space 132096K, 100% used [0x00000000d5580000,0x00000000dd680000,0x00000000dd680000)
  from space 11776K, 99% used [0x00000000def00000,0x00000000dfa796c8,0x00000000dfa80000)
  to   space 13312K, 0% used [0x00000000de080000,0x00000000de080000,0x00000000ded80000)
 ParOldGen       total 89600K, used 16286K [0x0000000080000000, 0x0000000085780000, 0x00000000d5580000)
  object space 89600K, 18% used [0x0000000080000000,0x0000000080fe7a00,0x0000000085780000)
 Metaspace       used 54392K, capacity 56324K, committed 56624K, reserved 1097728K
  class space    used 7418K, capacity 7903K, committed 7984K, reserved 1048576K
Event: 11.683 GC heap after
Heap after GC invocations=13 (full 2):
 PSYoungGen      total 155648K, used 13294K [0x00000000d5580000, 0x00000000e1b80000, 0x0000000100000000)
  eden space 142336K, 0% used [0x00000000d5580000,0x00000000d5580000,0x00000000de080000)
  from space 13312K, 99% used [0x00000000de080000,0x00000000ded7bac0,0x00000000ded80000)
  to   space 17920K, 0% used [0x00000000e0a00000,0x00000000e0a00000,0x00000000e1b80000)
 ParOldGen       total 89600K, used 24704K [0x0000000080000000, 0x0000000085780000, 0x00000000d5580000)
  object space 89600K, 27% used [0x0000000080000000,0x0000000081820190,0x0000000085780000)
 Metaspace       used 54392K, capacity 56324K, committed 56624K, reserved 1097728K
  class space    used 7418K, capacity 7903K, committed 7984K, reserved 1048576K
}
Event: 12.120 GC heap before
{Heap before GC invocations=14 (full 2):
 PSYoungGen      total 155648K, used 44984K [0x00000000d5580000, 0x00000000e1b80000, 0x0000000100000000)
  eden space 142336K, 22% used [0x00000000d5580000,0x00000000d74728b8,0x00000000de080000)
  from space 13312K, 99% used [0x00000000de080000,0x00000000ded7bac0,0x00000000ded80000)
  to   space 17920K, 0% used [0x00000000e0a00000,0x00000000e0a00000,0x00000000e1b80000)
 ParOldGen       total 89600K, used 24704K [0x0000000080000000, 0x0000000085780000, 0x00000000d5580000)
  object space 89600K, 27% used [0x0000000080000000,0x0000000081820190,0x0000000085780000)
 Metaspace       used 57110K, capacity 59074K, committed 59160K, reserved 1099776K
  class space    used 7836K, capacity 8314K, committed 8368K, reserved 1048576K
Event: 12.133 GC heap after
Heap after GC invocations=14 (full 2):
 PSYoungGen      total 184832K, used 3439K [0x00000000d5580000, 0x00000000e2c80000, 0x0000000100000000)
  eden space 166912K, 0% used [0x00000000d5580000,0x00000000d5580000,0x00000000df880000)
  from space 17920K, 19% used [0x00000000e0a00000,0x00000000e0d5be88,0x00000000e1b80000)
  to   space 17920K, 0% used [0x00000000df880000,0x00000000df880000,0x00000000e0a00000)
 ParOldGen       total 89600K, used 33590K [0x0000000080000000, 0x0000000085780000, 0x00000000d5580000)
  object space 89600K, 37% used [0x0000000080000000,0x00000000820cd8f8,0x0000000085780000)
 Metaspace       used 57110K, capacity 59074K, committed 59160K, reserved 1099776K
  class space    used 7836K, capacity 8314K, committed 8368K, reserved 1048576K
}
Event: 12.133 GC heap before
{Heap before GC invocations=15 (full 3):
 PSYoungGen      total 184832K, used 3439K [0x00000000d5580000, 0x00000000e2c80000, 0x0000000100000000)
  eden space 166912K, 0% used [0x00000000d5580000,0x00000000d5580000,0x00000000df880000)
  from space 17920K, 19% used [0x00000000e0a00000,0x00000000e0d5be88,0x00000000e1b80000)
  to   space 17920K, 0% used [0x00000000df880000,0x00000000df880000,0x00000000e0a00000)
 ParOldGen       total 89600K, used 33590K [0x0000000080000000, 0x0000000085780000, 0x00000000d5580000)
  object space 89600K, 37% used [0x0000000080000000,0x00000000820cd8f8,0x0000000085780000)
 Metaspace       used 57110K, capacity 59074K, committed 59160K, reserved 1099776K
  class space    used 7836K, capacity 8314K, committed 8368K, reserved 1048576K
Event: 12.475 GC heap after
Heap after GC invocations=15 (full 3):
 PSYoungGen      total 184832K, used 0K [0x00000000d5580000, 0x00000000e2c80000, 0x0000000100000000)
  eden space 166912K, 0% used [0x00000000d5580000,0x00000000d5580000,0x00000000df880000)
  from space 17920K, 0% used [0x00000000e0a00000,0x00000000e0a00000,0x00000000e1b80000)
  to   space 17920K, 0% used [0x00000000df880000,0x00000000df880000,0x00000000e0a00000)
 ParOldGen       total 89600K, used 29960K [0x0000000080000000, 0x0000000085780000, 0x00000000d5580000)
  object space 89600K, 33% used [0x0000000080000000,0x0000000081d42300,0x0000000085780000)
 Metaspace       used 57099K, capacity 59038K, committed 59160K, reserved 1099776K
  class space    used 7833K, capacity 8308K, committed 8368K, reserved 1048576K
}
Event: 14.743 GC heap before
{Heap before GC invocations=16 (full 3):
 PSYoungGen      total 184832K, used 166912K [0x00000000d5580000, 0x00000000e2c80000, 0x0000000100000000)
  eden space 166912K, 100% used [0x00000000d5580000,0x00000000df880000,0x00000000df880000)
  from space 17920K, 0% used [0x00000000e0a00000,0x00000000e0a00000,0x00000000e1b80000)
  to   space 17920K, 0% used [0x00000000df880000,0x00000000df880000,0x00000000e0a00000)
 ParOldGen       total 89600K, used 29960K [0x0000000080000000, 0x0000000085780000, 0x00000000d5580000)
  object space 89600K, 33% used [0x0000000080000000,0x0000000081d42300,0x0000000085780000)
 Metaspace       used 61270K, capacity 64352K, committed 64432K, reserved 1103872K
  class space    used 8458K, capacity 9085K, committed 9136K, reserved 1048576K
Event: 14.780 GC heap after
Heap after GC invocations=16 (full 3):
 PSYoungGen      total 184832K, used 14123K [0x00000000d5580000, 0x00000000e3c00000, 0x0000000100000000)
  eden space 166912K, 0% used [0x00000000d5580000,0x00000000d5580000,0x00000000df880000)
  from space 17920K, 78% used [0x00000000df880000,0x00000000e064af40,0x00000000e0a00000)
  to   space 18944K, 0% used [0x00000000e2980000,0x00000000e2980000,0x00000000e3c00000)
 ParOldGen       total 89600K, used 29968K [0x0000000080000000, 0x0000000085780000, 0x00000000d5580000)
  object space 89600K, 33% used [0x0000000080000000,0x0000000081d44300,0x0000000085780000)
 Metaspace       used 61270K, capacity 64352K, committed 64432K, reserved 1103872K
  class space    used 8458K, capacity 9085K, committed 9136K, reserved 1048576K
}

