# JRE version: OpenJDK Runtime Environment (8.0_242-b01) (build 1.8.0_242-release-1644-b01)
# Java VM: OpenJDK 64-Bit Server VM (25.242-b01 mixed mode windows-amd64 compressed oops)
Heap:
 PSYoungGen      total 76800K, used 20538K [0x00000000d5580000, 0x00000000dd000000, 0x0000000100000000)
  eden space 65536K, 18% used [0x00000000d5580000,0x00000000d61a35b0,0x00000000d9580000)
  from space 11264K, 71% used [0x00000000d9580000,0x00000000d9d6b5b8,0x00000000da080000)
  to   space 11264K, 0% used [0x00000000dc500000,0x00000000dc500000,0x00000000dd000000)
 ParOldGen       total 61440K, used 9140K [0x0000000080000000, 0x0000000083c00000, 0x00000000d5580000)
  object space 61440K, 14% used [0x0000000080000000,0x00000000808ed3e8,0x0000000083c00000)
 Metaspace       used 29459K, capacity 30064K, committed 30336K, reserved 1075200K
  class space    used 3960K, capacity 4165K, committed 4224K, reserved 1048576K
GC Heap History (10 events):
Event: 3.586 GC heap before
{Heap before GC invocations=4 (full 0):
 PSYoungGen      total 38400K, used 38377K [0x00000000d5580000, 0x00000000d8000000, 0x0000000100000000)
  eden space 33280K, 100% used [0x00000000d5580000,0x00000000d7600000,0x00000000d7600000)
  from space 5120K, 99% used [0x00000000d7600000,0x00000000d7afa630,0x00000000d7b00000)
  to   space 5120K, 0% used [0x00000000d7b00000,0x00000000d7b00000,0x00000000d8000000)
 ParOldGen       total 87552K, used 1601K [0x0000000080000000, 0x0000000085580000, 0x00000000d5580000)
  object space 87552K, 1% used [0x0000000080000000,0x0000000080190688,0x0000000085580000)
 Metaspace       used 15392K, capacity 15762K, committed 16128K, reserved 1062912K
  class space    used 2059K, capacity 2209K, committed 2304K, reserved 1048576K
Event: 3.593 GC heap after
Heap after GC invocations=4 (full 0):
 PSYoungGen      total 38400K, used 5113K [0x00000000d5580000, 0x00000000da080000, 0x0000000100000000)
  eden space 33280K, 0% used [0x00000000d5580000,0x00000000d5580000,0x00000000d7600000)
  from space 5120K, 99% used [0x00000000d7b00000,0x00000000d7ffe660,0x00000000d8000000)
  to   space 5120K, 0% used [0x00000000d7600000,0x00000000d7600000,0x00000000d7b00000)
 ParOldGen       total 87552K, used 4396K [0x0000000080000000, 0x0000000085580000, 0x00000000d5580000)
  object space 87552K, 5% used [0x0000000080000000,0x000000008044b270,0x0000000085580000)
 Metaspace       used 15392K, capacity 15762K, committed 16128K, reserved 1062912K
  class space    used 2059K, capacity 2209K, committed 2304K, reserved 1048576K
}
Event: 3.984 GC heap before
{Heap before GC invocations=5 (full 0):
 PSYoungGen      total 38400K, used 38393K [0x00000000d5580000, 0x00000000da080000, 0x0000000100000000)
  eden space 33280K, 100% used [0x00000000d5580000,0x00000000d7600000,0x00000000d7600000)
  from space 5120K, 99% used [0x00000000d7b00000,0x00000000d7ffe660,0x00000000d8000000)
  to   space 5120K, 0% used [0x00000000d7600000,0x00000000d7600000,0x00000000d7b00000)
 ParOldGen       total 87552K, used 4396K [0x0000000080000000, 0x0000000085580000, 0x00000000d5580000)
  object space 87552K, 5% used [0x0000000080000000,0x000000008044b270,0x0000000085580000)
 Metaspace       used 18128K, capacity 18660K, committed 18816K, reserved 1064960K
  class space    used 2489K, capacity 2658K, committed 2688K, reserved 1048576K
Event: 3.993 GC heap after
Heap after GC invocations=5 (full 0):
 PSYoungGen      total 38400K, used 5113K [0x00000000d5580000, 0x00000000daa80000, 0x0000000100000000)
  eden space 33280K, 0% used [0x00000000d5580000,0x00000000d5580000,0x00000000d7600000)
  from space 5120K, 99% used [0x00000000d7600000,0x00000000d7afe640,0x00000000d7b00000)
  to   space 10240K, 0% used [0x00000000da080000,0x00000000da080000,0x00000000daa80000)
 ParOldGen       total 87552K, used 7776K [0x0000000080000000, 0x0000000085580000, 0x00000000d5580000)
  object space 87552K, 8% used [0x0000000080000000,0x00000000807982b0,0x0000000085580000)
 Metaspace       used 18128K, capacity 18660K, committed 18816K, reserved 1064960K
  class space    used 2489K, capacity 2658K, committed 2688K, reserved 1048576K
}
Event: 4.436 GC heap before
{Heap before GC invocations=6 (full 0):
 PSYoungGen      total 38400K, used 38393K [0x00000000d5580000, 0x00000000daa80000, 0x0000000100000000)
  eden space 33280K, 100% used [0x00000000d5580000,0x00000000d7600000,0x00000000d7600000)
  from space 5120K, 99% used [0x00000000d7600000,0x00000000d7afe640,0x00000000d7b00000)
  to   space 10240K, 0% used [0x00000000da080000,0x00000000da080000,0x00000000daa80000)
 ParOldGen       total 87552K, used 7776K [0x0000000080000000, 0x0000000085580000, 0x00000000d5580000)
  object space 87552K, 8% used [0x0000000080000000,0x00000000807982b0,0x0000000085580000)
 Metaspace       used 20620K, capacity 21142K, committed 21248K, reserved 1067008K
  class space    used 2894K, capacity 3055K, committed 3072K, reserved 1048576K
Event: 4.449 GC heap after
Heap after GC invocations=6 (full 0):
 PSYoungGen      total 75776K, used 8373K [0x00000000d5580000, 0x00000000dac80000, 0x0000000100000000)
  eden space 65536K, 0% used [0x00000000d5580000,0x00000000d5580000,0x00000000d9580000)
  from space 10240K, 81% used [0x00000000da080000,0x00000000da8ad4c8,0x00000000daa80000)
  to   space 11264K, 0% used [0x00000000d9580000,0x00000000d9580000,0x00000000da080000)
 ParOldGen       total 87552K, used 7784K [0x0000000080000000, 0x0000000085580000, 0x00000000d5580000)
  object space 87552K, 8% used [0x0000000080000000,0x000000008079a2b0,0x0000000085580000)
 Metaspace       used 20620K, capacity 21142K, committed 21248K, reserved 1067008K
  class space    used 2894K, capacity 3055K, committed 3072K, reserved 1048576K
}
Event: 4.449 GC heap before
{Heap before GC invocations=7 (full 1):
 PSYoungGen      total 75776K, used 8373K [0x00000000d5580000, 0x00000000dac80000, 0x0000000100000000)
  eden space 65536K, 0% used [0x00000000d5580000,0x00000000d5580000,0x00000000d9580000)
  from space 10240K, 81% used [0x00000000da080000,0x00000000da8ad4c8,0x00000000daa80000)
  to   space 11264K, 0% used [0x00000000d9580000,0x00000000d9580000,0x00000000da080000)
 ParOldGen       total 87552K, used 7784K [0x0000000080000000, 0x0000000085580000, 0x00000000d5580000)
  object space 87552K, 8% used [0x0000000080000000,0x000000008079a2b0,0x0000000085580000)
 Metaspace       used 20620K, capacity 21142K, committed 21248K, reserved 1067008K
  class space    used 2894K, capacity 3055K, committed 3072K, reserved 1048576K
Event: 4.505 GC heap after
Heap after GC invocations=7 (full 1):
 PSYoungGen      total 75776K, used 0K [0x00000000d5580000, 0x00000000dac80000, 0x0000000100000000)
  eden space 65536K, 0% used [0x00000000d5580000,0x00000000d5580000,0x00000000d9580000)
  from space 10240K, 0% used [0x00000000da080000,0x00000000da080000,0x00000000daa80000)
  to   space 11264K, 0% used [0x00000000d9580000,0x00000000d9580000,0x00000000da080000)
 ParOldGen       total 61440K, used 9132K [0x0000000080000000, 0x0000000083c00000, 0x00000000d5580000)
  object space 61440K, 14% used [0x0000000080000000,0x00000000808eb3e8,0x0000000083c00000)
 Metaspace       used 20620K, capacity 21142K, committed 21248K, reserved 1067008K
  class space    used 2894K, capacity 3055K, committed 3072K, reserved 1048576K
}
Event: 5.437 GC heap before
{Heap before GC invocations=8 (full 1):
 PSYoungGen      total 75776K, used 65536K [0x00000000d5580000, 0x00000000dac80000, 0x0000000100000000)
  eden space 65536K, 100% used [0x00000000d5580000,0x00000000d9580000,0x00000000d9580000)
  from space 10240K, 0% used [0x00000000da080000,0x00000000da080000,0x00000000daa80000)
  to   space 11264K, 0% used [0x00000000d9580000,0x00000000d9580000,0x00000000da080000)
 ParOldGen       total 61440K, used 9132K [0x0000000080000000, 0x0000000083c00000, 0x00000000d5580000)
  object space 61440K, 14% used [0x0000000080000000,0x00000000808eb3e8,0x0000000083c00000)
 Metaspace       used 28804K, capacity 29438K, committed 29696K, reserved 1075200K
  class space    used 3855K, capacity 4066K, committed 4096K, reserved 1048576K
Event: 5.450 GC heap after
Heap after GC invocations=8 (full 1):
 PSYoungGen      total 76800K, used 8109K [0x00000000d5580000, 0x00000000dd000000, 0x0000000100000000)
  eden space 65536K, 0% used [0x00000000d5580000,0x00000000d5580000,0x00000000d9580000)
  from space 11264K, 71% used [0x00000000d9580000,0x00000000d9d6b5b8,0x00000000da080000)
  to   space 11264K, 0% used [0x00000000dc500000,0x00000000dc500000,0x00000000dd000000)
 ParOldGen       total 61440K, used 9140K [0x0000000080000000, 0x0000000083c00000, 0x00000000d5580000)
  object space 61440K, 14% used [0x0000000080000000,0x00000000808ed3e8,0x0000000083c00000)
 Metaspace       used 28804K, capacity 29438K, committed 29696K, reserved 1075200K
  class space    used 3855K, capacity 4066K, committed 4096K, reserved 1048576K
}

