# JRE version: OpenJDK Runtime Environment (8.0_242-b01) (build 1.8.0_242-release-1644-b01)
# Java VM: OpenJDK 64-Bit Server VM (25.242-b01 mixed mode windows-amd64 compressed oops)
Heap:
 PSYoungGen      total 499712K, used 303440K [0x00000000d5580000, 0x00000000f9500000, 0x0000000100000000)
  eden space 461312K, 62% used [0x00000000d5580000,0x00000000e6ce0918,0x00000000f1800000)
  from space 38400K, 52% used [0x00000000f1800000,0x00000000f2b8a558,0x00000000f3d80000)
  to   space 37376K, 0% used [0x00000000f7080000,0x00000000f7080000,0x00000000f9500000)
 ParOldGen       total 230400K, used 102011K [0x0000000080000000, 0x000000008e100000, 0x00000000d5580000)
  object space 230400K, 44% used [0x0000000080000000,0x000000008639ef18,0x000000008e100000)
 Metaspace       used 119176K, capacity 127122K, committed 127384K, reserved 1159168K
  class space    used 15203K, capacity 16718K, committed 16792K, reserved 1048576K
GC Heap History (10 events):
Event: 468.131 GC heap before
{Heap before GC invocations=31 (full 4):
 PSYoungGen      total 408064K, used 383752K [0x00000000d5580000, 0x00000000f0e80000, 0x0000000100000000)
  eden space 366592K, 100% used [0x00000000d5580000,0x00000000ebb80000,0x00000000ebb80000)
  from space 41472K, 41% used [0x00000000ee600000,0x00000000ef6c2260,0x00000000f0e80000)
  to   space 42496K, 0% used [0x00000000ebb80000,0x00000000ebb80000,0x00000000ee500000)
 ParOldGen       total 230400K, used 94431K [0x0000000080000000, 0x000000008e100000, 0x00000000d5580000)
  object space 230400K, 40% used [0x0000000080000000,0x0000000085c37c90,0x000000008e100000)
 Metaspace       used 112264K, capacity 119054K, committed 119320K, reserved 1153024K
  class space    used 14433K, capacity 15743K, committed 15896K, reserved 1048576K
Event: 468.186 GC heap after
Heap after GC invocations=31 (full 4):
 PSYoungGen      total 409088K, used 5249K [0x00000000d5580000, 0x00000000f4800000, 0x0000000100000000)
  eden space 366592K, 0% used [0x00000000d5580000,0x00000000d5580000,0x00000000ebb80000)
  from space 42496K, 12% used [0x00000000ebb80000,0x00000000ec0a04f0,0x00000000ee500000)
  to   space 42496K, 0% used [0x00000000f1e80000,0x00000000f1e80000,0x00000000f4800000)
 ParOldGen       total 230400K, used 101331K [0x0000000080000000, 0x000000008e100000, 0x00000000d5580000)
  object space 230400K, 43% used [0x0000000080000000,0x00000000862f4f18,0x000000008e100000)
 Metaspace       used 112264K, capacity 119054K, committed 119320K, reserved 1153024K
  class space    used 14433K, capacity 15743K, committed 15896K, reserved 1048576K
}
Event: 474.116 GC heap before
{Heap before GC invocations=32 (full 4):
 PSYoungGen      total 409088K, used 371841K [0x00000000d5580000, 0x00000000f4800000, 0x0000000100000000)
  eden space 366592K, 100% used [0x00000000d5580000,0x00000000ebb80000,0x00000000ebb80000)
  from space 42496K, 12% used [0x00000000ebb80000,0x00000000ec0a04f0,0x00000000ee500000)
  to   space 42496K, 0% used [0x00000000f1e80000,0x00000000f1e80000,0x00000000f4800000)
 ParOldGen       total 230400K, used 101331K [0x0000000080000000, 0x000000008e100000, 0x00000000d5580000)
  object space 230400K, 43% used [0x0000000080000000,0x00000000862f4f18,0x000000008e100000)
 Metaspace       used 113030K, capacity 119892K, committed 120088K, reserved 1153024K
  class space    used 14499K, capacity 15806K, committed 15896K, reserved 1048576K
Event: 474.137 GC heap after
Heap after GC invocations=32 (full 4):
 PSYoungGen      total 450560K, used 18242K [0x00000000d5580000, 0x00000000f3d80000, 0x0000000100000000)
  eden space 418816K, 0% used [0x00000000d5580000,0x00000000d5580000,0x00000000eee80000)
  from space 31744K, 57% used [0x00000000f1e80000,0x00000000f3050bd0,0x00000000f3d80000)
  to   space 40448K, 0% used [0x00000000eee80000,0x00000000eee80000,0x00000000f1600000)
 ParOldGen       total 230400K, used 101987K [0x0000000080000000, 0x000000008e100000, 0x00000000d5580000)
  object space 230400K, 44% used [0x0000000080000000,0x0000000086398f18,0x000000008e100000)
 Metaspace       used 113030K, capacity 119892K, committed 120088K, reserved 1153024K
  class space    used 14499K, capacity 15806K, committed 15896K, reserved 1048576K
}
Event: 2391.191 GC heap before
{Heap before GC invocations=33 (full 4):
 PSYoungGen      total 450560K, used 437058K [0x00000000d5580000, 0x00000000f3d80000, 0x0000000100000000)
  eden space 418816K, 100% used [0x00000000d5580000,0x00000000eee80000,0x00000000eee80000)
  from space 31744K, 57% used [0x00000000f1e80000,0x00000000f3050bd0,0x00000000f3d80000)
  to   space 40448K, 0% used [0x00000000eee80000,0x00000000eee80000,0x00000000f1600000)
 ParOldGen       total 230400K, used 101987K [0x0000000080000000, 0x000000008e100000, 0x00000000d5580000)
  object space 230400K, 44% used [0x0000000080000000,0x0000000086398f18,0x000000008e100000)
 Metaspace       used 117222K, capacity 124698K, committed 124824K, reserved 1157120K
  class space    used 15061K, capacity 16486K, committed 16536K, reserved 1048576K
Event: 2391.719 GC heap after
Heap after GC invocations=33 (full 4):
 PSYoungGen      total 459264K, used 13347K [0x00000000d5580000, 0x00000000f6c80000, 0x0000000100000000)
  eden space 418816K, 0% used [0x00000000d5580000,0x00000000d5580000,0x00000000eee80000)
  from space 40448K, 32% used [0x00000000eee80000,0x00000000efb88cc8,0x00000000f1600000)
  to   space 38912K, 0% used [0x00000000f4680000,0x00000000f4680000,0x00000000f6c80000)
 ParOldGen       total 230400K, used 101995K [0x0000000080000000, 0x000000008e100000, 0x00000000d5580000)
  object space 230400K, 44% used [0x0000000080000000,0x000000008639af18,0x000000008e100000)
 Metaspace       used 117222K, capacity 124698K, committed 124824K, reserved 1157120K
  class space    used 15061K, capacity 16486K, committed 16536K, reserved 1048576K
}
Event: 3487.660 GC heap before
{Heap before GC invocations=34 (full 4):
 PSYoungGen      total 459264K, used 432163K [0x00000000d5580000, 0x00000000f6c80000, 0x0000000100000000)
  eden space 418816K, 100% used [0x00000000d5580000,0x00000000eee80000,0x00000000eee80000)
  from space 40448K, 32% used [0x00000000eee80000,0x00000000efb88cc8,0x00000000f1600000)
  to   space 38912K, 0% used [0x00000000f4680000,0x00000000f4680000,0x00000000f6c80000)
 ParOldGen       total 230400K, used 101995K [0x0000000080000000, 0x000000008e100000, 0x00000000d5580000)
  object space 230400K, 44% used [0x0000000080000000,0x000000008639af18,0x000000008e100000)
 Metaspace       used 118504K, capacity 126404K, committed 126616K, reserved 1159168K
  class space    used 15191K, capacity 16709K, committed 16792K, reserved 1048576K
Event: 3487.981 GC heap after
Heap after GC invocations=34 (full 4):
 PSYoungGen      total 490496K, used 8536K [0x00000000d5580000, 0x00000000f6300000, 0x0000000100000000)
  eden space 461312K, 0% used [0x00000000d5580000,0x00000000d5580000,0x00000000f1800000)
  from space 29184K, 29% used [0x00000000f4680000,0x00000000f4ed6318,0x00000000f6300000)
  to   space 38400K, 0% used [0x00000000f1800000,0x00000000f1800000,0x00000000f3d80000)
 ParOldGen       total 230400K, used 102003K [0x0000000080000000, 0x000000008e100000, 0x00000000d5580000)
  object space 230400K, 44% used [0x0000000080000000,0x000000008639cf18,0x000000008e100000)
 Metaspace       used 118504K, capacity 126404K, committed 126616K, reserved 1159168K
  class space    used 15191K, capacity 16709K, committed 16792K, reserved 1048576K
}
Event: 3502.806 GC heap before
{Heap before GC invocations=35 (full 4):
 PSYoungGen      total 490496K, used 469848K [0x00000000d5580000, 0x00000000f6300000, 0x0000000100000000)
  eden space 461312K, 100% used [0x00000000d5580000,0x00000000f1800000,0x00000000f1800000)
  from space 29184K, 29% used [0x00000000f4680000,0x00000000f4ed6318,0x00000000f6300000)
  to   space 38400K, 0% used [0x00000000f1800000,0x00000000f1800000,0x00000000f3d80000)
 ParOldGen       total 230400K, used 102003K [0x0000000080000000, 0x000000008e100000, 0x00000000d5580000)
  object space 230400K, 44% used [0x0000000080000000,0x000000008639cf18,0x000000008e100000)
 Metaspace       used 118820K, capacity 126750K, committed 126872K, reserved 1159168K
  class space    used 15198K, capacity 16712K, committed 16792K, reserved 1048576K
Event: 3503.200 GC heap after
Heap after GC invocations=35 (full 4):
 PSYoungGen      total 499712K, used 20009K [0x00000000d5580000, 0x00000000f9500000, 0x0000000100000000)
  eden space 461312K, 0% used [0x00000000d5580000,0x00000000d5580000,0x00000000f1800000)
  from space 38400K, 52% used [0x00000000f1800000,0x00000000f2b8a558,0x00000000f3d80000)
  to   space 37376K, 0% used [0x00000000f7080000,0x00000000f7080000,0x00000000f9500000)
 ParOldGen       total 230400K, used 102011K [0x0000000080000000, 0x000000008e100000, 0x00000000d5580000)
  object space 230400K, 44% used [0x0000000080000000,0x000000008639ef18,0x000000008e100000)
 Metaspace       used 118820K, capacity 126750K, committed 126872K, reserved 1159168K
  class space    used 15198K, capacity 16712K, committed 16792K, reserved 1048576K
}

